<?xml version="1.0" encoding="UTF-8"?>
<testng-results ignored="0" total="0" passed="0" failed="0" skipped="0">
  <reporter-output>
  </reporter-output>
  <suite started-at="2021-03-11T08:54:46Z" name="Suite" finished-at="2021-03-11T08:54:46Z" duration-ms="297">
    <groups>
      <group name="cucumber">
        <method signature="AbstractTestNGCucumberTests.runScenario(io.cucumber.testng.PickleEventWrapper, io.cucumber.testng.CucumberFeatureWrapper)[pri:0, instance:com.Vtiger.runner.TestRunner@77fbd92c]" name="runScenario" class="io.cucumber.testng.AbstractTestNGCucumberTests"/>
      </group> <!-- cucumber -->
    </groups>
    <test started-at="2021-03-11T08:54:46Z" name="Test" finished-at="2021-03-11T08:54:46Z" duration-ms="297">
      <class name="com.Vtiger.runner.TestRunner">
        <test-method is-config="true" signature="setUpClass()[pri:0, instance:com.Vtiger.runner.TestRunner@77fbd92c]" started-at="2021-03-11T08:54:46Z" name="setUpClass" finished-at="2021-03-11T08:54:46Z" duration-ms="252" status="FAIL">
          <exception class="cucumber.runtime.CucumberException">
            <message>
              <![CDATA[cucumber.runtime.CucumberException: java.io.IOException: Failed to create directory E:\VtigerCucumberV2\project\target\cucumber-html-report, "com.aventstack.extentreports.cucumber.adaptor.ExtentCucumberAdaptor:]]>
            </message>
            <full-stacktrace>
              <![CDATA[cucumber.runtime.CucumberException: cucumber.runtime.CucumberException: java.io.IOException: Failed to create directory E:\VtigerCucumberV2\project\target\cucumber-html-report, "com.aventstack.extentreports.cucumber.adaptor.ExtentCucumberAdaptor:
at cucumber.runtime.formatter.PluginFactory.newInstance(PluginFactory.java:110)
at cucumber.runtime.formatter.PluginFactory.instantiate(PluginFactory.java:91)
at cucumber.runtime.formatter.PluginFactory.create(PluginFactory.java:76)
at cucumber.runtime.formatter.Plugins.createPlugins(Plugins.java:63)
at cucumber.runtime.formatter.Plugins.<init>(Plugins.java:35)
at io.cucumber.testng.TestNGCucumberRunner.<init>(TestNGCucumberRunner.java:68)
at io.cucumber.testng.AbstractTestNGCucumberTests.setUpClass(AbstractTestNGCucumberTests.java:18)
at java.base/jdk.internal.reflect.NativeMethodAccessorImpl.invoke0(Native Method)
at java.base/jdk.internal.reflect.NativeMethodAccessorImpl.invoke(NativeMethodAccessorImpl.java:62)
at java.base/jdk.internal.reflect.DelegatingMethodAccessorImpl.invoke(DelegatingMethodAccessorImpl.java:43)
at java.base/java.lang.reflect.Method.invoke(Method.java:566)
at org.testng.internal.MethodInvocationHelper.invokeMethod(MethodInvocationHelper.java:124)
at org.testng.internal.MethodInvocationHelper.invokeMethodConsideringTimeout(MethodInvocationHelper.java:59)
at org.testng.internal.Invoker.invokeConfigurationMethod(Invoker.java:458)
at org.testng.internal.Invoker.invokeConfigurations(Invoker.java:222)
at org.testng.internal.Invoker.invokeConfigurations(Invoker.java:142)
at org.testng.internal.TestMethodWorker.invokeBeforeClassMethods(TestMethodWorker.java:168)
at org.testng.internal.TestMethodWorker.run(TestMethodWorker.java:105)
at org.testng.TestRunner.privateRun(TestRunner.java:648)
at org.testng.TestRunner.run(TestRunner.java:505)
at org.testng.SuiteRunner.runTest(SuiteRunner.java:455)
at org.testng.SuiteRunner.runSequentially(SuiteRunner.java:450)
at org.testng.SuiteRunner.privateRun(SuiteRunner.java:415)
at org.testng.SuiteRunner.run(SuiteRunner.java:364)
at org.testng.SuiteRunnerWorker.runSuite(SuiteRunnerWorker.java:52)
at org.testng.SuiteRunnerWorker.run(SuiteRunnerWorker.java:84)
at org.testng.TestNG.runSuitesSequentially(TestNG.java:1208)
at org.testng.TestNG.runSuitesLocally(TestNG.java:1137)
at org.testng.TestNG.runSuites(TestNG.java:1049)
at org.testng.TestNG.run(TestNG.java:1017)
at org.apache.maven.surefire.testng.TestNGExecutor.run(TestNGExecutor.java:295)
at org.apache.maven.surefire.testng.TestNGXmlTestSuite.execute(TestNGXmlTestSuite.java:84)
at org.apache.maven.surefire.testng.TestNGProvider.invoke(TestNGProvider.java:90)
at org.apache.maven.surefire.booter.ForkedBooter.invokeProviderInSameClassLoader(ForkedBooter.java:203)
at org.apache.maven.surefire.booter.ForkedBooter.runSuitesInProcess(ForkedBooter.java:155)
at org.apache.maven.surefire.booter.ForkedBooter.main(ForkedBooter.java:103)
Caused by: cucumber.runtime.CucumberException: java.io.IOException: Failed to create directory E:\VtigerCucumberV2\project\target\cucumber-html-report, "com.aventstack.extentreports.cucumber.adaptor.ExtentCucumberAdaptor:
at cucumber.runtime.formatter.HTMLFormatter.createReportFileOutputStream(HTMLFormatter.java:530)
at cucumber.runtime.formatter.HTMLFormatter.createJsOut(HTMLFormatter.java:520)
at cucumber.runtime.formatter.HTMLFormatter.<init>(HTMLFormatter.java:129)
at java.base/jdk.internal.reflect.NativeConstructorAccessorImpl.newInstance0(Native Method)
at java.base/jdk.internal.reflect.NativeConstructorAccessorImpl.newInstance(NativeConstructorAccessorImpl.java:62)
at java.base/jdk.internal.reflect.DelegatingConstructorAccessorImpl.newInstance(DelegatingConstructorAccessorImpl.java:45)
at java.base/java.lang.reflect.Constructor.newInstance(Constructor.java:490)
at cucumber.runtime.formatter.PluginFactory.newInstance(PluginFactory.java:104)
... 35 more
Caused by: java.io.IOException: Failed to create directory E:\VtigerCucumberV2\project\target\cucumber-html-report, "com.aventstack.extentreports.cucumber.adaptor.ExtentCucumberAdaptor:
at cucumber.runtime.formatter.URLOutputStream.ensureParentDirExists(URLOutputStream.java:53)
at cucumber.runtime.formatter.URLOutputStream.<init>(URLOutputStream.java:33)
at cucumber.runtime.formatter.URLOutputStream.<init>(URLOutputStream.java:24)
at cucumber.runtime.formatter.HTMLFormatter.createReportFileOutputStream(HTMLFormatter.java:528)
... 42 more
]]>
            </full-stacktrace>
          </exception> <!-- cucumber.runtime.CucumberException -->
          <reporter-output>
          </reporter-output>
        </test-method> <!-- setUpClass -->
        <test-method is-config="true" signature="tearDownClass()[pri:0, instance:com.Vtiger.runner.TestRunner@77fbd92c]" started-at="2021-03-11T08:54:46Z" name="tearDownClass" finished-at="2021-03-11T08:54:46Z" duration-ms="0" status="PASS">
          <reporter-output>
          </reporter-output>
        </test-method> <!-- tearDownClass -->
      </class> <!-- com.Vtiger.runner.TestRunner -->
    </test> <!-- Test -->
  </suite> <!-- Suite -->
</testng-results>
